\BOOKMARK [1][-]{section.1}{Literature review}{}% 1
\BOOKMARK [2][-]{subsection.1.1}{Object based SLAM}{section.1}% 2
\BOOKMARK [2][-]{subsection.1.2}{Point Cloud Object segmentation}{section.1}% 3
\BOOKMARK [2][-]{subsection.1.3}{Non Parametric Bayesian methods}{section.1}% 4
\BOOKMARK [2][-]{subsection.1.4}{Correspondence}{section.1}% 5
\BOOKMARK [1][-]{section.2}{Theory background}{}% 6
\BOOKMARK [2][-]{subsection.2.1}{Generalized Polya's Urn}{section.2}% 7
\BOOKMARK [1][-]{section.3}{Model definition}{}% 8
\BOOKMARK [2][-]{subsection.3.1}{General pipeline}{section.3}% 9
\BOOKMARK [2][-]{subsection.3.2}{The data distribution}{section.3}% 10
\BOOKMARK [2][-]{subsection.3.3}{Sequential monte carlo sampler}{section.3}% 11
\BOOKMARK [3][-]{subsubsection.3.3.1}{Gibbs updates}{subsection.3.3}% 12
\BOOKMARK [3][-]{subsubsection.3.3.2}{Weight updates}{subsection.3.3}% 13
\BOOKMARK [2][-]{subsection.3.4}{Decision Layer}{section.3}% 14
\BOOKMARK [2][-]{subsection.3.5}{Complexity}{section.3}% 15
\BOOKMARK [2][-]{subsection.3.6}{Landmark size}{section.3}% 16
\BOOKMARK [1][-]{section.4}{Results}{}% 17
\BOOKMARK [2][-]{subsection.4.1}{Simple datasets}{section.4}% 18
\BOOKMARK [2][-]{subsection.4.2}{The decision layer}{section.4}% 19
\BOOKMARK [2][-]{subsection.4.3}{Limits of the method}{section.4}% 20
\BOOKMARK [3][-]{subsubsection.4.3.1}{Clustering layer}{subsection.4.3}% 21
\BOOKMARK [3][-]{subsubsection.4.3.2}{Decision layer}{subsection.4.3}% 22
\BOOKMARK [2][-]{subsection.4.4}{EKF-SLAM experiments}{section.4}% 23
\BOOKMARK [3][-]{subsubsection.4.4.1}{Speed}{subsection.4.4}% 24
\BOOKMARK [3][-]{subsubsection.4.4.2}{Memory requirements}{subsection.4.4}% 25
\BOOKMARK [1][-]{section.5}{Conclusion and future work}{}% 26
