\BOOKMARK [1][-]{section.1}{Introduction}{}% 1
\BOOKMARK [2][-]{subsection.1.1}{Motivation}{section.1}% 2
\BOOKMARK [2][-]{subsection.1.2}{Tools and methods}{section.1}% 3
\BOOKMARK [2][-]{subsection.1.3}{Research questions}{section.1}% 4
\BOOKMARK [1][-]{section.2}{Literature review}{}% 5
\BOOKMARK [2][-]{subsection.2.1}{Object based SLAM}{section.2}% 6
\BOOKMARK [2][-]{subsection.2.2}{Point Cloud Object clustering}{section.2}% 7
\BOOKMARK [2][-]{subsection.2.3}{Non Parametric Bayesian methods}{section.2}% 8
\BOOKMARK [2][-]{subsection.2.4}{Correspondence}{section.2}% 9
\BOOKMARK [1][-]{section.3}{Theory background}{}% 10
\BOOKMARK [2][-]{subsection.3.1}{Dirichlet Distribution}{section.3}% 11
\BOOKMARK [2][-]{subsection.3.2}{Sampling methods}{section.3}% 12
\BOOKMARK [3][-]{subsubsection.3.2.1}{Stick breaking process}{subsection.3.2}% 13
\BOOKMARK [3][-]{subsubsection.3.2.2}{Polya's Urn}{subsection.3.2}% 14
\BOOKMARK [2][-]{subsection.3.3}{Dirichlet Process}{section.3}% 15
\BOOKMARK [2][-]{subsection.3.4}{Sampling methods}{section.3}% 16
\BOOKMARK [3][-]{subsubsection.3.4.1}{Chinese restaurant process}{subsection.3.4}% 17
\BOOKMARK [3][-]{subsubsection.3.4.2}{Stick breaking}{subsection.3.4}% 18
\BOOKMARK [2][-]{subsection.3.5}{Dirichlet process mixture models}{section.3}% 19
\BOOKMARK [2][-]{subsection.3.6}{Inference}{section.3}% 20
\BOOKMARK [2][-]{subsection.3.7}{Generalized Polya Urn}{section.3}% 21
\BOOKMARK [1][-]{section.4}{Model definition}{}% 22
\BOOKMARK [2][-]{subsection.4.1}{General pipeline}{section.4}% 23
\BOOKMARK [2][-]{subsection.4.2}{The data distribution}{section.4}% 24
\BOOKMARK [2][-]{subsection.4.3}{Sequential monte carlo sampler}{section.4}% 25
\BOOKMARK [3][-]{subsubsection.4.3.1}{Gibbs updates}{subsection.4.3}% 26
\BOOKMARK [3][-]{subsubsection.4.3.2}{Weight updates}{subsection.4.3}% 27
\BOOKMARK [2][-]{subsection.4.4}{Decision Layer}{section.4}% 28
\BOOKMARK [2][-]{subsection.4.5}{Complexity}{section.4}% 29
\BOOKMARK [2][-]{subsection.4.6}{Landmark size}{section.4}% 30
\BOOKMARK [1][-]{section.5}{Results}{}% 31
\BOOKMARK [2][-]{subsection.5.1}{Simple datasets}{section.5}% 32
\BOOKMARK [2][-]{subsection.5.2}{Expressivensess and decision layer}{section.5}% 33
\BOOKMARK [2][-]{subsection.5.3}{EKF-SLAM experiments}{section.5}% 34
\BOOKMARK [2][-]{subsection.5.4}{Speed}{section.5}% 35
\BOOKMARK [2][-]{subsection.5.5}{Memory requirements}{section.5}% 36
\BOOKMARK [1][-]{section.6}{Discussion}{}% 37
\BOOKMARK [2][-]{subsection.6.1}{Unsupervised learning}{section.6}% 38
\BOOKMARK [2][-]{subsection.6.2}{Clustering layer}{section.6}% 39
\BOOKMARK [2][-]{subsection.6.3}{Decision layer}{section.6}% 40
\BOOKMARK [2][-]{subsection.6.4}{Downsampling and Filtering}{section.6}% 41
\BOOKMARK [2][-]{subsection.6.5}{Data distribution}{section.6}% 42
\BOOKMARK [2][-]{subsection.6.6}{Scalability}{section.6}% 43
\BOOKMARK [1][-]{section.7}{Conclusion and future work}{}% 44
